<?xml version="1.0" encoding="UTF-8"?>
<!-- Generated by org.testng.reporters.JUnitReportReporter -->
<testsuite skipped="0" hostname="SPICITY906" name="qaclickacademy.Apiumtest" tests="2" failures="0" timestamp="14 Jun 2019 07:39:50 GMT" time="0.018" errors="0">
  <testcase name="Nativeappandroid" time="0.002" classname="qaclickacademy.Apiumtest"/>
  <testcase name="IOSapp" time="0.016" classname="qaclickacademy.Apiumtest"/>
</testsuite> <!-- qaclickacademy.Apiumtest -->
