<?xml version="1.0" encoding="UTF-8"?>
<!-- Generated by org.testng.reporters.JUnitReportReporter -->
<testsuite skipped="0" hostname="SPICITY906" name="qaclickacademy.SeleniumTest" tests="2" failures="0" timestamp="21 Jun 2019 05:32:43 GMT" time="0.016" errors="0">
  <testcase name="BrowserAUtomation" time="0.013" classname="qaclickacademy.SeleniumTest"/>
  <testcase name="elementsUi" time="0.003" classname="qaclickacademy.SeleniumTest"/>
</testsuite> <!-- qaclickacademy.SeleniumTest -->
