<?xml version="1.0" encoding="UTF-8"?>
<!-- Generated by org.testng.reporters.JUnitReportReporter -->
<testsuite skipped="0" hostname="SPICITY906" name="qaclickacademy.Apptest" tests="2" failures="0" timestamp="28 Jun 2019 10:00:55 GMT" time="0.091" errors="0">
  <testcase name="Nativeappandroid" time="0.001" classname="qaclickacademy.Apptest"/>
  <testcase name="IOSapp" time="0.090" classname="qaclickacademy.Apptest"/>
</testsuite> <!-- qaclickacademy.Apptest -->
