<?xml version="1.0" encoding="UTF-8"?>
<!-- Generated by org.testng.reporters.JUnitReportReporter -->
<testsuite skipped="0" hostname="SPICITY906" name="qaclickacademy.RESTAPITest" tests="2" failures="0" timestamp="21 Jun 2019 05:32:43 GMT" time="0.008" errors="0">
  <testcase name="postJira" time="0.007" classname="qaclickacademy.RESTAPITest"/>
  <testcase name="deleteTwitter" time="0.001" classname="qaclickacademy.RESTAPITest"/>
</testsuite> <!-- qaclickacademy.RESTAPITest -->
