<?xml version="1.0" encoding="UTF-8"?>
<!-- Generated by org.testng.reporters.JUnitReportReporter -->
<testsuite skipped="0" hostname="SPICITY906" name="qaclickacademy.Apptest" tests="2" failures="0" timestamp="14 Jun 2019 11:01:39 GMT" time="0.000" errors="0">
  <testcase name="IOSapp" time="0.000" classname="qaclickacademy.Apptest"/>
  <testcase name="Nativeappandroid" time="0.000" classname="qaclickacademy.Apptest"/>
</testsuite> <!-- qaclickacademy.Apptest -->
